<?xml version="1.0" encoding="UTF-8"?>
<!-- Generated by org.testng.reporters.JUnitReportReporter -->
<testsuite hostname="ELDEN-QA6L" failures="0" tests="1" name="org.testing.TestCases.TestCase_4" time="0.033" errors="0" timestamp="2022-07-31T01:18:17 IST" skipped="0">
  <testcase classname="org.testing.TestCases.TestCase_4" name="updateRecord" time="0.033"/>
  <system-out/>
</testsuite> <!-- org.testing.TestCases.TestCase_4 -->
