<?xml version="1.0" encoding="UTF-8"?>
<!-- Generated by org.testng.reporters.JUnitReportReporter -->
<testsuite hostname="ELDEN-QA6L" failures="0" tests="2" name="org.testing.TestCases.TestCase_3" time="0.073" errors="0" timestamp="2022-07-31T01:18:17 IST" skipped="0">
  <testcase classname="org.testing.TestCases.TestCase_3" name="getValueAsPerID" time="0.041"/>
  <system-out/>
  <testcase classname="org.testing.TestCases.TestCase_3" name="getAllValues" time="0.032"/>
  <system-out/>
</testsuite> <!-- org.testing.TestCases.TestCase_3 -->
