<?xml version="1.0" encoding="UTF-8"?>
<!-- Generated by org.testng.reporters.JUnitReportReporter -->
<testsuite hostname="ELDEN-QA6L" failures="0" tests="1" name="org.testing.TestCases.TestCase_1" time="1.004" errors="0" timestamp="2022-07-31T00:23:47 IST" skipped="0">
  <testcase classname="org.testing.TestCases.TestCase_1" name="postMethodwithPermeterizedId" time="1.004"/>
  <system-out/>
</testsuite> <!-- org.testing.TestCases.TestCase_1 -->
