<?xml version="1.0" encoding="UTF-8"?>
<!-- Generated by org.testng.reporters.JUnitReportReporter -->
<testsuite hostname="ELDEN-QA6L" failures="0" tests="2" name="org.testing.TestCases.TestCase_3" time="0.107" errors="0" timestamp="2022-07-31T00:23:47 IST" skipped="0">
  <testcase classname="org.testing.TestCases.TestCase_3" name="getValueAsPerID" time="0.043"/>
  <system-out/>
  <testcase classname="org.testing.TestCases.TestCase_3" name="getAllValues" time="0.064"/>
  <system-out/>
</testsuite> <!-- org.testing.TestCases.TestCase_3 -->
